<?xml version="1.0" encoding="UTF-8"?>
<testsuite name="iteso.mx.BegginerGameTest" time="0" tests="7" errors="0" skipped="0" failures="0">
  <properties>
[...]
</properties>
  <testcase name="testEvalAnswerBincorrect" classname="iteso.mx.BegginerGameTest" time="0"/>
  <testcase name="testEvalAnswerAincorrect" classname="iteso.mx.BegginerGameTest" time="0"/>
  <testcase name="testEvalAnswerACorrect" classname="iteso.mx.BegginerGameTest" time="0"/>
  <testcase name="testLevel" classname="iteso.mx.BegginerGameTest" time="0"/>
  <testcase name="testNumObjects" classname="iteso.mx.BegginerGameTest" time="0"/>
  <testcase name="testEvalAnswerBCorrect" classname="iteso.mx.BegginerGameTest" time="0"/>
  <testcase name="testTimeLimit" classname="iteso.mx.BegginerGameTest" time="0"/>
</testsuite>